<?xml version="1.0" encoding="UTF-8"?>
<testng-results ignored="0" total="3" passed="3" failed="0" skipped="0">
  <reporter-output>
  </reporter-output>
  <suite started-at="2023-01-21T22:23:06 IST" name="All Test Suite" finished-at="2023-01-21T22:23:23 IST" duration-ms="17253">
    <groups>
    </groups>
    <test started-at="2023-01-21T22:23:06 IST" name="C:/Users/hchalla2020/TestAutomation/NewWorkspace2021/DatadrivenAmazon" finished-at="2023-01-21T22:23:23 IST" duration-ms="17253">
      <class name="DataDTesting.DataDrivenTesting">
        <test-method signature="DDTesting()[pri:0, instance:DataDTesting.DataDrivenTesting@446293d]" started-at="2023-01-21T22:23:12 IST" name="DDTesting" finished-at="2023-01-21T22:23:17 IST" duration-ms="5316" status="PASS">
          <reporter-output>
          </reporter-output>
        </test-method> <!-- DDTesting -->
      </class> <!-- DataDTesting.DataDrivenTesting -->
      <class name="DataDTesting.ParametrizationTesting">
        <test-method signature="parametrization()[pri:0, instance:DataDTesting.ParametrizationTesting@69997e9d]" started-at="2023-01-21T22:23:17 IST" name="parametrization" finished-at="2023-01-21T22:23:23 IST" duration-ms="5814" status="PASS">
          <reporter-output>
          </reporter-output>
        </test-method> <!-- parametrization -->
      </class> <!-- DataDTesting.ParametrizationTesting -->
      <class name="DataDTesting.DDTestingbyusingDataProvider">
        <test-method is-config="true" signature="startup()[pri:0, instance:DataDTesting.DDTestingbyusingDataProvider@747edf66]" started-at="2023-01-21T22:23:06 IST" name="startup" finished-at="2023-01-21T22:23:09 IST" duration-ms="3564" status="PASS">
          <reporter-output>
          </reporter-output>
        </test-method> <!-- startup -->
        <test-method signature="amzonproductsearch(java.lang.String)[pri:1, instance:DataDTesting.DDTestingbyusingDataProvider@747edf66]" started-at="2023-01-21T22:23:09 IST" name="amzonproductsearch" data-provider="getdata" finished-at="2023-01-21T22:23:11 IST" duration-ms="1997" status="PASS">
          <params>
            <param index="0">
              <value>
                <![CDATA[Iphone]]>
              </value>
            </param>
          </params>
          <reporter-output>
          </reporter-output>
        </test-method> <!-- amzonproductsearch -->
        <test-method is-config="true" signature="closebrowser()[pri:0, instance:DataDTesting.DDTestingbyusingDataProvider@747edf66]" started-at="2023-01-21T22:23:11 IST" name="closebrowser" finished-at="2023-01-21T22:23:12 IST" duration-ms="183" status="PASS">
          <reporter-output>
          </reporter-output>
        </test-method> <!-- closebrowser -->
      </class> <!-- DataDTesting.DDTestingbyusingDataProvider -->
    </test> <!-- C:/Users/hchalla2020/TestAutomation/NewWorkspace2021/DatadrivenAmazon -->
  </suite> <!-- All Test Suite -->
</testng-results>
